\BOOKMARK [1][-]{section.1}{\376\377\000T\000\323\000M\000\040\000T\036\256\000T}{}% 1
\BOOKMARK [1][-]{section.2}{\376\377\000G\000I\036\332\000I\000\040\000T\000H\000I\036\306\000U}{}% 2
\BOOKMARK [2][-]{subsection.2.1}{\376\377\000B\036\321\000i\000\040\000c\036\243\000n\000h\000\040\000v\000\340\000\040\001\021\036\267\000t\000\040\000v\036\245\000n\000\040\001\021\036\301}{section.2}% 3
\BOOKMARK [2][-]{subsection.2.2}{\376\377\000H\036\241\000n\000\040\000c\000h\036\277\000\040\000c\036\347\000a\000\040\000c\000\341\000c\000\040\000p\000h\001\260\001\241\000n\000g\000\040\000p\000h\000\341\000p\000\040\000h\000i\036\307\000n\000\040\000h\000\340\000n\000h}{section.2}% 4
\BOOKMARK [2][-]{subsection.2.3}{\376\377\000T\000\355\000n\000h\000\040\000c\036\245\000p\000\040\000t\000h\000i\036\277\000t\000\040\000v\000\340\000\040\000g\000i\036\243\000i\000\040\000p\000h\000\341\000p\000\040\001\021\036\301\000\040\000x\000u\036\245\000t}{section.2}% 5
\BOOKMARK [1][-]{section.3}{\376\377\000N\000G\000H\000I\000\312\000N\000\040\000C\036\350\000U\000\040\000L\000I\000\312\000N\000\040\000Q\000U\000A\000N}{}% 6
\BOOKMARK [2][-]{subsection.3.1}{\376\377\000N\000h\000\363\000m\000\040\0001\000:\000\040\000P\000h\001\260\001\241\000n\000g\000\040\000p\000h\000\341\000p\000\040\000d\036\361\000a\000\040\000t\000r\000\352\000n\000\040\000m\000\364\000\040\000h\000\354\000n\000h\000\040\000v\036\255\000t\000\040\000l\000\375\000\040\000v\000\340\000\040\001\021\036\267\000c\000\040\000t\000r\001\260\000n\000g\000\040\000t\000r\000u\000y\036\301\000n\000\040\000t\000h\036\321\000n\000g}{section.3}% 7
\BOOKMARK [2][-]{subsection.3.2}{\376\377\000N\000h\000\363\000m\000\040\0002\000:\000\040\000P\000h\001\260\001\241\000n\000g\000\040\000p\000h\000\341\000p\000\040\000h\036\323\000i\000\040\000q\000u\000y\000\040\000q\000u\036\371\000\040\001\021\036\241\000o}{section.3}% 8
\BOOKMARK [2][-]{subsection.3.3}{\376\377\000N\000h\000\363\000m\000\040\0003\000:\000\040\000P\000h\000\342\000n\000\040\000l\000o\036\241\000i\000\040\000\375\000\040\001\021\036\313\000n\000h\000\040\000v\000\340\000\040\000n\000h\036\255\000n\000\040\000t\000h\036\351\000c\000\040\000t\000r\000o\000n\000g\000\040\000g\000i\000a\000o\000\040\000t\000h\000\364\000n\000g\000\040\000h\036\327\000n\000\040\000h\036\343\000p}{section.3}% 9
\BOOKMARK [1][-]{section.4}{\376\377\000P\000H\001\257\001\240\000N\000G\000\040\000P\000H\000\301\000P\000\040\000N\000G\000H\000I\000\312\000N\000\040\000C\036\350\000U}{}% 10
\BOOKMARK [2][-]{subsection.4.1}{\376\377\000C\001\241\000\040\000s\036\337\000\040\000l\000\375\000\040\000t\000h\000u\000y\036\277\000t\000\040\000v\000\340\000\040\000t\036\325\000n\000g\000\040\000q\000u\000a\000n\000\040\000k\000i\036\277\000n\000\040\000t\000r\000\372\000c\000\040\000h\036\307\000\040\000t\000h\036\321\000n\000g}{section.4}% 11
\BOOKMARK [3][-]{subsubsection.4.1.1}{\376\377\000K\000h\000u\000n\000g\000\040\000l\000\375\000\040\000t\000h\000u\000y\036\277\000t\000\040\000v\036\301\000\040\000\375\000\040\001\021\036\313\000n\000h\000\040\000v\000\340\000\040\000h\000\340\000n\000h\000\040\000v\000i\000\040\000l\000\341\000i\000\040\000x\000e}{subsection.4.1}% 12
\BOOKMARK [3][-]{subsubsection.4.1.2}{\376\377\001\020\036\267\000c\000\040\000t\000\355\000n\000h\000\040\001\021\036\331\000n\000g\000\040\000l\036\361\000c\000\040\000h\036\315\000c\000\040\000t\000r\000o\000n\000g\000\040\000g\000i\000a\000o\000\040\000t\000h\000\364\000n\000g\000\040\000h\036\327\000n\000\040\000h\036\343\000p}{subsection.4.1}% 13
\BOOKMARK [3][-]{subsubsection.4.1.3}{\376\377\001\020\036\301\000\040\000x\000u\036\245\000t\000\040\000k\000i\036\277\000n\000\040\000t\000r\000\372\000c\000\040\000l\000a\000i}{subsection.4.1}% 14
\BOOKMARK [2][-]{subsection.4.2}{\376\377\000P\000h\001\260\001\241\000n\000g\000\040\000p\000h\000\341\000p\000\040\000x\000\342\000y\000\040\000d\036\361\000n\000g\000\040\000d\036\357\000\040\000l\000i\036\307\000u\000\040\000v\000\340\000\040\000t\000i\036\301\000n\000\040\000x\036\355\000\040\000l\000\375}{section.4}% 15
\BOOKMARK [3][-]{subsubsection.4.2.1}{\376\377\000C\001\241\000\040\000s\036\337\000\040\000p\000h\001\260\001\241\000n\000g\000\040\000p\000h\000\341\000p\000\040\000l\000u\036\255\000n\000:\000\040\000H\000u\000m\000a\000n\000-\000i\000n\000-\000t\000h\000e\000-\000L\000o\000o\000p\000\040\000v\000\340\000\040\000C\000V\000A\000T}{subsection.4.2}% 16
\BOOKMARK [3][-]{subsubsection.4.2.2}{\376\377\000G\000i\000a\000i\000\040\001\021\000o\036\241\000n\000\040\0001\000:\000\040\000T\000h\000i\036\277\000t\000\040\000l\036\255\000p\000\040\000m\000\364\000\040\000h\000\354\000n\000h\000\040\000h\036\327\000\040\000t\000r\036\343}{subsection.4.2}% 17
\BOOKMARK [3][-]{subsubsection.4.2.3}{\376\377\000G\000i\000a\000i\000\040\001\021\000o\036\241\000n\000\040\0002\000:\000\040\000Q\000u\000y\000\040\000t\000r\000\354\000n\000h\000\040\000g\000\341\000n\000\040\000n\000h\000\343\000n\000\040\000b\000\341\000n\000\040\000t\036\361\000\040\001\021\036\331\000n\000g}{subsection.4.2}% 18
\BOOKMARK [2][-]{subsection.4.3}{\376\377\000M\000\364\000\040\000h\000\354\000n\000h\000\040\000n\000h\036\255\000n\000\040\000t\000h\036\351\000c\000\040\000h\000\340\000n\000h\000\040\000v\000i}{section.4}% 19
\BOOKMARK [3][-]{subsubsection.4.3.1}{\376\377\000T\036\325\000n\000g\000\040\000q\000u\000a\000n\000\040\000v\036\301\000\040\000Y\000O\000L\000O}{subsection.4.3}% 20
\BOOKMARK [3][-]{subsubsection.4.3.2}{\376\377\000M\036\241\000n\000g\000\040\000t\000r\000\355\000c\000h\000\040\000x\000u\036\245\000t\000\040\001\021\036\267\000c\000\040\000t\000r\001\260\000n\000g\000\040\000k\000h\000\364\000n\000g\000\040\000g\000i\000a\000n\000\040\000\050\000Y\000O\000L\000O\0002\0006\000n\000\051}{subsection.4.3}% 21
\BOOKMARK [3][-]{subsubsection.4.3.3}{\376\377\000M\036\241\000n\000g\000\040\000n\000h\036\255\000n\000\040\000t\000h\036\351\000c\000\040\000\375\000\040\001\021\036\313\000n\000h\000\040\000c\000h\000u\036\327\000i\000\040\000t\000h\036\335\000i\000\040\000g\000i\000a\000n\000\040\000\050\000L\000S\000T\000M\000\051}{subsection.4.3}% 22
\BOOKMARK [2][-]{subsection.4.4}{\376\377\000C\001\241\000\040\000c\000h\036\277\000\040\000h\000u\036\245\000n\000\040\000l\000u\000y\036\307\000n\000\040\000m\036\241\000n\000g\000\040\000l\000a\000i}{section.4}% 23
\BOOKMARK [2][-]{subsection.4.5}{\376\377\000H\036\255\000u\000\040\000x\036\355\000\040\000l\000\375\000\040\000\046\000\040\000l\000o\000g\000i\000c\000\040\000c\036\243\000n\000h\000\040\000b\000\341\000o\000\040\001\021\000a\000\040\000t\036\247\000n\000g}{section.4}% 24
\BOOKMARK [1][-]{section.5}{\376\377\000K\036\276\000T\000\040\000Q\000U\036\242\000\040\000N\000G\000H\000I\000\312\000N\000\040\000C\036\350\000U}{}% 25
\BOOKMARK [2][-]{subsection.5.1}{\376\377\000K\036\277\000t\000\040\000q\000u\036\243\000\040\000h\000u\036\245\000n\000\040\000l\000u\000y\036\307\000n\000\040\000m\000\364\000\040\000h\000\354\000n\000h\000\040\000h\036\327\000\040\000t\000r\036\343\000\040\000\050\000M\000a\000s\000s\000i\000s\000t\000\051}{section.5}% 26
\BOOKMARK [3][-]{subsubsection.5.1.1}{\376\377\000S\036\361\000\040\000h\036\331\000i\000\040\000t\036\345\000\040\000c\036\347\000a\000\040\000m\000\364\000\040\000h\000\354\000n\000h}{subsection.5.1}% 27
\BOOKMARK [3][-]{subsubsection.5.1.2}{\376\377\000H\000i\036\307\000u\000\040\000s\000u\036\245\000t\000\040\000m\000\364\000\040\000h\000\354\000n\000h\000\040\000t\000r\000\352\000n\000\040\000t\036\255\000p\000\040\000k\000i\036\303\000m\000\040\001\021\036\313\000n\000h}{subsection.5.1}% 28
\BOOKMARK [3][-]{subsubsection.5.1.3}{\376\377\000P\000h\000\342\000n\000\040\000t\000\355\000c\000h\000\040\000m\000a\000\040\000t\000r\036\255\000n\000\040\000n\000h\036\247\000m\000\040\000l\036\253\000n\000\040\000\050\000C\000o\000n\000f\000u\000s\000i\000o\000n\000\040\000M\000a\000t\000r\000i\000x\000\051}{subsection.5.1}% 29
\BOOKMARK [2][-]{subsection.5.2}{\376\377\000K\036\277\000t\000\040\000q\000u\036\243\000\040\000h\000u\036\245\000n\000\040\000l\000u\000y\036\307\000n\000\040\000m\000\364\000\040\000h\000\354\000n\000h\000\040\000n\000h\036\255\000n\000\040\000t\000h\036\351\000c\000\040\000k\000h\000\364\000n\000g\000\040\000g\000i\000a\000n\000\040\000\050\000Y\000O\000L\000O\0002\0006\000n\000\051}{section.5}% 30
\BOOKMARK [3][-]{subsubsection.5.2.1}{\376\377\000S\036\361\000\040\000h\036\331\000i\000\040\000t\036\345\000\040\000c\036\347\000a\000\040\000m\000\364\000\040\000h\000\354\000n\000h}{subsection.5.2}% 31
\BOOKMARK [3][-]{subsubsection.5.2.2}{\376\377\000H\000i\036\307\000u\000\040\000s\000u\036\245\000t\000\040\000m\000\364\000\040\000h\000\354\000n\000h\000\040\000t\000r\000\352\000n\000\040\000t\036\255\000p\000\040\000k\000i\036\303\000m\000\040\001\021\036\313\000n\000h}{subsection.5.2}% 32
\BOOKMARK [3][-]{subsubsection.5.2.3}{\376\377\000P\000h\000\342\000n\000\040\000t\000\355\000c\000h\000\040\000m\000a\000\040\000t\000r\036\255\000n\000\040\000n\000h\036\247\000m\000\040\000l\036\253\000n\000\040\000v\000\340\000\040\000c\000a\000s\000e\000\040\000s\000t\000u\000d\000y}{subsection.5.2}% 33
\BOOKMARK [3][-]{subsubsection.5.2.4}{\376\377\000B\036\243\000n\000g\000\040\000s\000o\000\040\000s\000\341\000n\000h\000\040\000h\000i\036\307\000u\000\040\000n\001\003\000n\000g\000:\000\040\000Y\000O\000L\000O\0002\0006\000n\000\040\000v\000\340\000\040\000Y\000O\000L\000O\000v\0001\0000\000n}{subsection.5.2}% 34
\BOOKMARK [2][-]{subsection.5.3}{\376\377\000K\036\277\000t\000\040\000q\000u\036\243\000\040\000h\000u\036\245\000n\000\040\000l\000u\000y\036\307\000n\000\040\000m\036\241\000n\000g\000\040\000p\000h\000\342\000n\000\040\000l\000o\036\241\000i\000\040\000\375\000\040\001\021\036\313\000n\000h\000\040\000\050\000L\000S\000T\000M\000\051}{section.5}% 35
\BOOKMARK [2][-]{subsection.5.4}{\376\377\001\020\000\341\000n\000h\000\040\000g\000i\000\341\000\040\000t\000h\036\361\000c\000\040\000n\000g\000h\000i\036\307\000m\000\040\000h\036\307\000\040\000t\000h\036\321\000n\000g\000\040\000l\000a\000i\000\040\000\050\000Y\000O\000L\000O\000\040\000+\000\040\000L\000S\000T\000M\000\040\000+\000\040\000Z\000o\000n\000e\000s\000\051}{section.5}% 36
\BOOKMARK [3][-]{subsubsection.5.4.1}{\376\377\000K\036\313\000c\000h\000\040\000b\036\243\000n\000\040\0001\000:\000\040\000M\000\364\000i\000\040\000t\000r\001\260\036\335\000n\000g\000\040\000b\000\354\000n\000h\000\040\000t\000h\001\260\036\335\000n\000g\000\040\000\050\000L\000a\000n\000e\000\040\000K\000e\000e\000p\000i\000n\000g\000\051}{subsection.5.4}% 37
\BOOKMARK [3][-]{subsubsection.5.4.2}{\376\377\000K\036\313\000c\000h\000\040\000b\036\243\000n\000\040\0002\000:\000\040\000C\036\243\000n\000h\000\040\000b\000\341\000o\000\040\000s\036\333\000m\000\040\000\375\000\040\001\021\036\313\000n\000h\000\040\000\050\000E\000a\000r\000l\000y\000\040\000W\000a\000r\000n\000i\000n\000g\000\051}{subsection.5.4}% 38
\BOOKMARK [3][-]{subsubsection.5.4.3}{\376\377\000K\036\313\000c\000h\000\040\000b\036\243\000n\000\040\0003\000:\000\040\000X\000\342\000m\000\040\000n\000h\036\255\000p\000\040\000v\000\371\000n\000g\000\040\000n\000g\000u\000y\000\040\000h\000i\036\303\000m\000\040\000\050\000C\000u\000t\000-\000i\000n\000\040\000D\000a\000n\000g\000e\000r\000\051}{subsection.5.4}% 39
\BOOKMARK [1][-]{section.6}{\376\377\000K\036\276\000T\000\040\000L\000U\036\254\000N\000\040\000\046\000\040\000H\001\257\036\332\000N\000G\000\040\000P\000H\000\301\000T\000\040\000T\000R\000I\036\302\000N}{}% 40
\BOOKMARK [2][-]{subsection.6.1}{\376\377\000K\036\277\000t\000\040\000l\000u\036\255\000n}{section.6}% 41
\BOOKMARK [2][-]{subsection.6.2}{\376\377\000H\036\241\000n\000\040\000c\000h\036\277\000\040\000c\036\347\000a\000\040\000n\000g\000h\000i\000\352\000n\000\040\000c\036\351\000u}{section.6}% 42
\BOOKMARK [2][-]{subsection.6.3}{\376\377\000H\001\260\036\333\000n\000g\000\040\000p\000h\000\341\000t\000\040\000t\000r\000i\036\303\000n\000\040\000t\001\260\001\241\000n\000g\000\040\000l\000a\000i}{section.6}% 43
\BOOKMARK [1][-]{section.7}{\376\377\000D\000A\000N\000H\000\040\000M\036\344\000C\000\040\000T\000\300\000I\000\040\000L\000I\036\306\000U\000\040\000T\000R\000\315\000C\000H\000\040\000D\036\252\000N}{}% 44
\BOOKMARK [1][-]{section.8}{\376\377\000D\000A\000N\000H\000\040\000M\036\344\000C\000\040\000T\000\300\000I\000\040\000L\000I\036\306\000U\000\040\000T\000H\000A\000M\000\040\000K\000H\036\242\000O}{}% 45
